<?xml version="1.0" encoding="UTF-8"?>
<!-- Generated by org.testng.reporters.JUnitReportReporter -->
<testsuite hostname="Shails-MacBook-Pro.local" failures="0" tests="1" name="gitbashPackage.GitBashTest" time="36.389" errors="0" timestamp="2023-07-10T19:44:16 IST" skipped="0">
  <testcase classname="gitbashPackage.GitBashTest" name="m1" time="36.389"/>
  <system-out/>
</testsuite> <!-- gitbashPackage.GitBashTest -->
